{
  "stats": {
    "suites": 1,
    "tests": 1,
    "passes": 1,
    "pending": 0,
    "failures": 0,
    "start": "2020-11-04T17:36:23.044Z",
    "end": "2020-11-04T17:36:27.564Z",
    "duration": 4520,
    "testsRegistered": 1,
    "passPercent": 100,
    "pendingPercent": 0,
    "other": 0,
    "hasOther": false,
    "skipped": 0,
    "hasSkipped": false,
    "passPercentClass": "success",
    "pendingPercentClass": "danger"
  },
  "suites": {
    "uuid": "6c32bb9d-df7a-4974-bf01-174ac0aed8ee",
    "title": "",
    "fullFile": "cypress\\integration\\logintest\\logintest.feature",
    "file": "cypress\\integration\\logintest\\logintest.feature",
    "beforeHooks": [],
    "afterHooks": [],
    "tests": [],
    "suites": [
      {
        "uuid": "1561b798-3e6a-47d4-8de0-efdbb850abed",
        "title": "EATestFeature",
        "fullFile": "",
        "file": "",
        "beforeHooks": [],
        "afterHooks": [],
        "tests": [
          {
            "title": "Test the login feature",
            "fullTitle": "EATestFeature Test the login feature",
            "duration": 3745,
            "state": "passed",
            "speed": "slow",
            "pass": true,
            "fail": false,
            "pending": false,
            "code": "if (backgroundSection) {\n  backgroundSection.steps.forEach(step => stepTest.call(this, step));\n}\nscenario.steps.forEach(step => stepTest.call(this, step));",
            "err": {},
            "isRoot": false,
            "uuid": "5aae665d-4a6f-442e-8c92-ab938d19f618",
            "isHook": false,
            "skipped": false
          }
        ],
        "suites": [],
        "passes": [
          "5aae665d-4a6f-442e-8c92-ab938d19f618"
        ],
        "failures": [],
        "pending": [],
        "skipped": [],
        "duration": 3745,
        "root": false,
        "rootEmpty": false,
        "_timeout": 2000
      }
    ],
    "passes": [],
    "failures": [],
    "pending": [],
    "skipped": [],
    "duration": 0,
    "root": true,
    "rootEmpty": true,
    "_timeout": 2000
  },
  "copyrightYear": 2020
}