{
  "stats": {
    "suites": 1,
    "tests": 1,
    "passes": 1,
    "pending": 0,
    "failures": 0,
    "start": "2019-07-11T06:53:32.642Z",
    "end": "2019-07-11T06:53:40.548Z",
    "duration": 7906,
    "testsRegistered": 1,
    "passPercent": 100,
    "pendingPercent": 0,
    "other": 0,
    "hasOther": false,
    "skipped": 0,
    "hasSkipped": false,
    "passPercentClass": "success",
    "pendingPercentClass": "danger"
  },
  "suites": {
    "uuid": "3826c819-2912-473f-ae8b-ef5831633750",
    "title": "",
    "fullFile": "",
    "file": "",
    "beforeHooks": [],
    "afterHooks": [],
    "tests": [],
    "suites": [
      {
        "uuid": "772ea9e0-3c8d-4011-9442-28ceae713b20",
        "title": "EATestFeature",
        "fullFile": "",
        "file": "",
        "beforeHooks": [],
        "afterHooks": [],
        "tests": [
          {
            "title": "Test the login feature",
            "fullTitle": "EATestFeature Test the login feature",
            "duration": 5759,
            "state": "passed",
            "speed": "slow",
            "pass": true,
            "fail": false,
            "pending": false,
            "code": "if (backgroundSection) {\n  backgroundSection.steps.forEach(step => stepTest.call(this, step));\n}\nscenario.steps.forEach(step => stepTest.call(this, step));",
            "err": {},
            "isRoot": false,
            "uuid": "d60d6615-348d-4c14-951b-96bee5f94326",
            "isHook": false,
            "skipped": false
          }
        ],
        "suites": [],
        "passes": [
          "d60d6615-348d-4c14-951b-96bee5f94326"
        ],
        "failures": [],
        "pending": [],
        "skipped": [],
        "duration": 5759,
        "root": false,
        "rootEmpty": false,
        "_timeout": 2000
      }
    ],
    "passes": [],
    "failures": [],
    "pending": [],
    "skipped": [],
    "duration": 0,
    "root": true,
    "rootEmpty": true,
    "_timeout": 2000
  },
  "copyrightYear": 2019
}