{
  "stats": {
    "suites": 1,
    "tests": 1,
    "passes": 1,
    "pending": 0,
    "failures": 0,
    "start": "2020-11-04T17:35:10.724Z",
    "end": "2020-11-04T17:35:15.651Z",
    "duration": 4927,
    "testsRegistered": 1,
    "passPercent": 100,
    "pendingPercent": 0,
    "other": 0,
    "hasOther": false,
    "skipped": 0,
    "hasSkipped": false,
    "passPercentClass": "success",
    "pendingPercentClass": "danger"
  },
  "suites": {
    "uuid": "42512420-2379-416d-ba45-118becb9435a",
    "title": "",
    "fullFile": "cypress\\integration\\logintest\\logintest.feature",
    "file": "cypress\\integration\\logintest\\logintest.feature",
    "beforeHooks": [],
    "afterHooks": [],
    "tests": [],
    "suites": [
      {
        "uuid": "075ec90c-4200-4f2a-8b07-7e5bed358ef1",
        "title": "EATestFeature",
        "fullFile": "",
        "file": "",
        "beforeHooks": [],
        "afterHooks": [],
        "tests": [
          {
            "title": "Test the login feature",
            "fullTitle": "EATestFeature Test the login feature",
            "duration": 4126,
            "state": "passed",
            "speed": "slow",
            "pass": true,
            "fail": false,
            "pending": false,
            "code": "if (backgroundSection) {\n  backgroundSection.steps.forEach(step => stepTest.call(this, step));\n}\nscenario.steps.forEach(step => stepTest.call(this, step));",
            "err": {},
            "isRoot": false,
            "uuid": "90426fcc-09de-4b8f-b80d-5c03a1678100",
            "isHook": false,
            "skipped": false
          }
        ],
        "suites": [],
        "passes": [
          "90426fcc-09de-4b8f-b80d-5c03a1678100"
        ],
        "failures": [],
        "pending": [],
        "skipped": [],
        "duration": 4126,
        "root": false,
        "rootEmpty": false,
        "_timeout": 2000
      }
    ],
    "passes": [],
    "failures": [],
    "pending": [],
    "skipped": [],
    "duration": 0,
    "root": true,
    "rootEmpty": true,
    "_timeout": 2000
  },
  "copyrightYear": 2020
}