<?xml version="1.0" encoding="UTF-8"?>
<testsuites name="Mocha Tests" time="4.126" tests="1" failures="0">
  <testsuite name="Root Suite" timestamp="2020-11-04T17:35:10" tests="0" file="cypress\integration\logintest\logintest.feature" failures="0" time="0">
  </testsuite>
  <testsuite name="EATestFeature" timestamp="2020-11-04T17:35:10" tests="1" failures="0" time="4.126">
    <testcase name="EATestFeature Test the login feature" time="4.126" classname="Test the login feature">
    </testcase>
  </testsuite>
</testsuites>